[2023-10-09 20:32:48,154] [INFO] l**********@g****.com {'ret': 0, 'msg': '您似乎已经签到过了...'}
[2023-10-10 03:18:44,762] [INFO] l**********@g****.com {'ret': 0, 'msg': '您似乎已经签到过了...'}
[2023-10-11 03:19:00,664] [INFO] l**********@g****.com {'msg': '获得了 382MB 流量.', 'unflowtraffic': 6736052224, 'traffic': '6.27GB', 'trafficInfo': {'todayUsedTraffic': '36.2KB', 'lastUsedTraffic': '6.09MB', 'unUsedTraffic': '6.27GB'}, 'ret': 1}
[2023-10-12 03:18:47,240] [INFO] l**********@g****.com {'msg': '获得了 348MB 流量.', 'unflowtraffic': 7100956672, 'traffic': '6.61GB', 'trafficInfo': {'todayUsedTraffic': '36.2KB', 'lastUsedTraffic': '6.12MB', 'unUsedTraffic': '6.61GB'}, 'ret': 1}
[2023-10-13 03:19:27,002] [INFO] l**********@g****.com {'msg': '获得了 469MB 流量.', 'unflowtraffic': 7592738816, 'traffic': '7.07GB', 'trafficInfo': {'todayUsedTraffic': '156.2KB', 'lastUsedTraffic': '6.16MB', 'unUsedTraffic': '7.07GB'}, 'ret': 1}
[2023-10-14 03:18:17,143] [INFO] l**********@g****.com {'msg': '获得了 442MB 流量.', 'unflowtraffic': 8056209408, 'traffic': '7.5GB', 'trafficInfo': {'todayUsedTraffic': '36.2KB', 'lastUsedTraffic': '6.31MB', 'unUsedTraffic': '7.5GB'}, 'ret': 1}
[2023-10-15 03:18:25,056] [INFO] l**********@g****.com {'msg': '获得了 492MB 流量.', 'unflowtraffic': 8572108800, 'traffic': '7.98GB', 'trafficInfo': {'todayUsedTraffic': '67.22KB', 'lastUsedTraffic': '6.35MB', 'unUsedTraffic': '7.98GB'}, 'ret': 1}
[2023-10-16 03:19:24,716] [INFO] l**********@g****.com {'msg': '获得了 351MB 流量.', 'unflowtraffic': 8940158976, 'traffic': '8.33GB', 'trafficInfo': {'todayUsedTraffic': '99.22KB', 'lastUsedTraffic': '6.61MB', 'unUsedTraffic': '8.32GB'}, 'ret': 1}
[2023-10-17 03:19:01,967] [INFO] l**********@g****.com {'msg': '获得了 500MB 流量.', 'unflowtraffic': 9464446976, 'traffic': '8.81GB', 'trafficInfo': {'todayUsedTraffic': '31.03KB', 'lastUsedTraffic': '6.74MB', 'unUsedTraffic': '8.81GB'}, 'ret': 1}
[2023-10-18 03:18:55,575] [INFO] l**********@g****.com {'msg': '获得了 393MB 流量.', 'unflowtraffic': 9876537344, 'traffic': '9.2GB', 'trafficInfo': {'todayUsedTraffic': '36.2KB', 'lastUsedTraffic': '6.77MB', 'unUsedTraffic': '9.19GB'}, 'ret': 1}
[2023-10-19 03:18:39,082] [INFO] l**********@g****.com {'msg': '获得了 468MB 流量.', 'unflowtraffic': 10367270912, 'traffic': '9.66GB', 'trafficInfo': {'todayUsedTraffic': '72.39KB', 'lastUsedTraffic': '6.81MB', 'unUsedTraffic': '9.65GB'}, 'ret': 1}
[2023-10-20 03:18:41,124] [INFO] l**********@g****.com {'msg': '获得了 318MB 流量.', 'unflowtraffic': 10700718080, 'traffic': '9.97GB', 'trafficInfo': {'todayUsedTraffic': '72.38KB', 'lastUsedTraffic': '6.88MB', 'unUsedTraffic': '9.96GB'}, 'ret': 1}
[2023-10-21 03:18:24,944] [INFO] l**********@g****.com {'msg': '获得了 479MB 流量.', 'unflowtraffic': 11202985984, 'traffic': '10.43GB', 'trafficInfo': {'todayUsedTraffic': '51.26KB', 'lastUsedTraffic': '7MB', 'unUsedTraffic': '10.43GB'}, 'ret': 1}
[2023-10-22 03:19:11,913] [INFO] l**********@g****.com {'msg': '获得了 452MB 流量.', 'unflowtraffic': 11676942336, 'traffic': '10.88GB', 'trafficInfo': {'todayUsedTraffic': '25.85KB', 'lastUsedTraffic': '7.05MB', 'unUsedTraffic': '10.87GB'}, 'ret': 1}
[2023-10-23 03:19:20,334] [INFO] l**********@g****.com {'msg': '获得了 324MB 流量.', 'unflowtraffic': 12016680960, 'traffic': '11.19GB', 'trafficInfo': {'todayUsedTraffic': '51.7KB', 'lastUsedTraffic': '7.1MB', 'unUsedTraffic': '11.18GB'}, 'ret': 1}
[2023-10-24 03:19:43,032] [INFO] l**********@g****.com {'msg': '获得了 326MB 流量.', 'unflowtraffic': 12358516736, 'traffic': '11.51GB', 'trafficInfo': {'todayUsedTraffic': '25.85KB', 'lastUsedTraffic': '7.22MB', 'unUsedTraffic': '11.5GB'}, 'ret': 1}
[2023-10-25 03:19:03,955] [INFO] l**********@g****.com {'msg': '获得了 302MB 流量.', 'unflowtraffic': 12675186688, 'traffic': '11.8GB', 'trafficInfo': {'todayUsedTraffic': '20.68KB', 'lastUsedTraffic': '7.24MB', 'unUsedTraffic': '11.8GB'}, 'ret': 1}
[2023-10-26 03:18:30,762] [INFO] l**********@g****.com {'msg': '获得了 300MB 流量.', 'unflowtraffic': 12989759488, 'traffic': '12.1GB', 'trafficInfo': {'todayUsedTraffic': '25.85KB', 'lastUsedTraffic': '7.26MB', 'unUsedTraffic': '12.09GB'}, 'ret': 1}
[2023-10-27 03:18:28,911] [INFO] l**********@g****.com {'msg': '获得了 495MB 流量.', 'unflowtraffic': 13508804608, 'traffic': '12.58GB', 'trafficInfo': {'todayUsedTraffic': '25.85KB', 'lastUsedTraffic': '7.34MB', 'unUsedTraffic': '12.57GB'}, 'ret': 1}
[2023-10-28 03:18:07,588] [INFO] l**********@g****.com {'msg': '获得了 410MB 流量.', 'unflowtraffic': 13938720768, 'traffic': '12.98GB', 'trafficInfo': {'todayUsedTraffic': '25.85KB', 'lastUsedTraffic': '7.36MB', 'unUsedTraffic': '12.97GB'}, 'ret': 1}
[2023-10-29 03:18:28,360] [INFO] l**********@g****.com {'msg': '获得了 445MB 流量.', 'unflowtraffic': 14405337088, 'traffic': '13.42GB', 'trafficInfo': {'todayUsedTraffic': '267B', 'lastUsedTraffic': '7.39MB', 'unUsedTraffic': '13.41GB'}, 'ret': 1}
[2023-10-30 03:19:29,646] [INFO] l**********@g****.com {'msg': '获得了 429MB 流量.', 'unflowtraffic': 14855176192, 'traffic': '13.83GB', 'trafficInfo': {'todayUsedTraffic': '25.85KB', 'lastUsedTraffic': '7.39MB', 'unUsedTraffic': '13.83GB'}, 'ret': 1}
[2023-10-31 03:18:54,633] [INFO] l**********@g****.com {'msg': '获得了 352MB 流量.', 'unflowtraffic': 15224274944, 'traffic': '14.18GB', 'trafficInfo': {'todayUsedTraffic': '0B', 'lastUsedTraffic': '7.41MB', 'unUsedTraffic': '14.17GB'}, 'ret': 1}
[2023-11-01 03:19:28,739] [INFO] l**********@g****.com {'msg': '获得了 340MB 流量.', 'unflowtraffic': 15580790784, 'traffic': '14.51GB', 'trafficInfo': {'todayUsedTraffic': '25.85KB', 'lastUsedTraffic': '7.41MB', 'unUsedTraffic': '14.5GB'}, 'ret': 1}
[2023-11-02 03:19:06,822] [INFO] l**********@g****.com {'msg': '获得了 376MB 流量.', 'unflowtraffic': 15975055360, 'traffic': '14.88GB', 'trafficInfo': {'todayUsedTraffic': '93.06KB', 'lastUsedTraffic': '7.44MB', 'unUsedTraffic': '14.87GB'}, 'ret': 1}
[2023-11-03 03:19:00,367] [INFO] l**********@g****.com {'msg': '获得了 322MB 流量.', 'unflowtraffic': 16312696832, 'traffic': '15.19GB', 'trafficInfo': {'todayUsedTraffic': '20.68KB', 'lastUsedTraffic': '7.53MB', 'unUsedTraffic': '15.19GB'}, 'ret': 1}
[2023-11-04 03:18:51,752] [INFO] l**********@g****.com {'msg': '获得了 319MB 流量.', 'unflowtraffic': 16647192576, 'traffic': '15.5GB', 'trafficInfo': {'todayUsedTraffic': '0B', 'lastUsedTraffic': '7.55MB', 'unUsedTraffic': '15.5GB'}, 'ret': 1}
[2023-11-05 03:20:34,821] [INFO] l**********@g****.com {'msg': '获得了 343MB 流量.', 'unflowtraffic': 17006854144, 'traffic': '15.84GB', 'trafficInfo': {'todayUsedTraffic': '20.68KB', 'lastUsedTraffic': '7.55MB', 'unUsedTraffic': '15.83GB'}, 'ret': 1}
[2023-11-06 03:19:38,357] [INFO] l**********@g****.com {'msg': '获得了 414MB 流量.', 'unflowtraffic': 17440964608, 'traffic': '16.24GB', 'trafficInfo': {'todayUsedTraffic': '0B', 'lastUsedTraffic': '7.57MB', 'unUsedTraffic': '16.24GB'}, 'ret': 1}
[2023-11-07 03:19:00,674] [INFO] l**********@g****.com {'msg': '获得了 416MB 流量.', 'unflowtraffic': 17877172224, 'traffic': '16.65GB', 'trafficInfo': {'todayUsedTraffic': '10.6KB', 'lastUsedTraffic': '7.57MB', 'unUsedTraffic': '16.64GB'}, 'ret': 1}
[2023-11-08 03:19:14,884] [INFO] l**********@g****.com {'msg': '获得了 308MB 流量.', 'unflowtraffic': 18200133632, 'traffic': '16.95GB', 'trafficInfo': {'todayUsedTraffic': '15.51KB', 'lastUsedTraffic': '7.58MB', 'unUsedTraffic': '16.94GB'}, 'ret': 1}
[2023-11-09 03:19:02,650] [INFO] l**********@g****.com {'msg': '获得了 373MB 流量.', 'unflowtraffic': 18591252480, 'traffic': '17.31GB', 'trafficInfo': {'todayUsedTraffic': '5.17KB', 'lastUsedTraffic': '7.6MB', 'unUsedTraffic': '17.31GB'}, 'ret': 1}
[2023-11-10 03:19:09,012] [INFO] l**********@g****.com {'msg': '获得了 404MB 流量.', 'unflowtraffic': 19014877184, 'traffic': '17.71GB', 'trafficInfo': {'todayUsedTraffic': '0B', 'lastUsedTraffic': '7.6MB', 'unUsedTraffic': '17.7GB'}, 'ret': 1}
[2023-11-11 03:20:42,644] [INFO] l**********@g****.com {'msg': '获得了 439MB 流量.', 'unflowtraffic': 19475202048, 'traffic': '18.14GB', 'trafficInfo': {'todayUsedTraffic': '0B', 'lastUsedTraffic': '7.6MB', 'unUsedTraffic': '18.13GB'}, 'ret': 1}
[2023-11-12 03:18:33,670] [INFO] l**********@g****.com {'msg': '获得了 349MB 流量.', 'unflowtraffic': 19841155072, 'traffic': '18.48GB', 'trafficInfo': {'todayUsedTraffic': '0B', 'lastUsedTraffic': '7.6MB', 'unUsedTraffic': '18.47GB'}, 'ret': 1}
[2023-11-13 03:19:31,973] [INFO] l**********@g****.com {'msg': '获得了 353MB 流量.', 'unflowtraffic': 20211302400, 'traffic': '18.82GB', 'trafficInfo': {'todayUsedTraffic': '0B', 'lastUsedTraffic': '7.6MB', 'unUsedTraffic': '18.82GB'}, 'ret': 1}
[2023-11-14 03:19:17,790] [INFO] l**********@g****.com {'msg': '获得了 481MB 流量.', 'unflowtraffic': 20715667456, 'traffic': '19.29GB', 'trafficInfo': {'todayUsedTraffic': '0B', 'lastUsedTraffic': '7.6MB', 'unUsedTraffic': '19.29GB'}, 'ret': 1}
[2023-11-15 03:19:46,054] [INFO] l**********@g****.com {'msg': '获得了 358MB 流量.', 'unflowtraffic': 21091057664, 'traffic': '19.64GB', 'trafficInfo': {'todayUsedTraffic': '0B', 'lastUsedTraffic': '7.6MB', 'unUsedTraffic': '19.64GB'}, 'ret': 1}
[2023-11-16 03:19:53,153] [INFO] l**********@g****.com {'msg': '获得了 346MB 流量.', 'unflowtraffic': 21453864960, 'traffic': '19.98GB', 'trafficInfo': {'todayUsedTraffic': '0B', 'lastUsedTraffic': '7.6MB', 'unUsedTraffic': '19.97GB'}, 'ret': 1}
[2023-11-17 03:19:44,490] [INFO] l**********@g****.com {'msg': '获得了 376MB 流量.', 'unflowtraffic': 21848129536, 'traffic': '20.35GB', 'trafficInfo': {'todayUsedTraffic': '0B', 'lastUsedTraffic': '7.6MB', 'unUsedTraffic': '20.34GB'}, 'ret': 1}
[2023-11-18 03:19:22,538] [INFO] l**********@g****.com {'msg': '获得了 322MB 流量.', 'unflowtraffic': 22185771008, 'traffic': '20.66GB', 'trafficInfo': {'todayUsedTraffic': '0B', 'lastUsedTraffic': '7.6MB', 'unUsedTraffic': '20.65GB'}, 'ret': 1}
[2023-11-19 03:19:26,482] [INFO] l**********@g****.com {'msg': '获得了 467MB 流量.', 'unflowtraffic': 22675456000, 'traffic': '21.12GB', 'trafficInfo': {'todayUsedTraffic': '0B', 'lastUsedTraffic': '7.6MB', 'unUsedTraffic': '21.11GB'}, 'ret': 1}
[2023-11-20 03:20:14,176] [INFO] l**********@g****.com {'msg': '获得了 456MB 流量.', 'unflowtraffic': 23153606656, 'traffic': '21.56GB', 'trafficInfo': {'todayUsedTraffic': '0B', 'lastUsedTraffic': '7.6MB', 'unUsedTraffic': '21.56GB'}, 'ret': 1}
[2023-11-21 03:20:25,652] [INFO] l**********@g****.com {'msg': '获得了 398MB 流量.', 'unflowtraffic': 23570939904, 'traffic': '21.95GB', 'trafficInfo': {'todayUsedTraffic': '0B', 'lastUsedTraffic': '7.6MB', 'unUsedTraffic': '21.94GB'}, 'ret': 1}
[2023-11-22 03:20:40,752] [INFO] l**********@g****.com {'msg': '获得了 448MB 流量.', 'unflowtraffic': 24040701952, 'traffic': '22.39GB', 'trafficInfo': {'todayUsedTraffic': '0B', 'lastUsedTraffic': '7.6MB', 'unUsedTraffic': '22.38GB'}, 'ret': 1}
[2023-11-23 03:19:33,561] [INFO] l**********@g****.com {'msg': '获得了 360MB 流量.', 'unflowtraffic': 24418189312, 'traffic': '22.74GB', 'trafficInfo': {'todayUsedTraffic': '0B', 'lastUsedTraffic': '7.6MB', 'unUsedTraffic': '22.73GB'}, 'ret': 1}
[2023-11-24 03:19:33,258] [INFO] l**********@g****.com {'msg': '获得了 450MB 流量.', 'unflowtraffic': 24890048512, 'traffic': '23.18GB', 'trafficInfo': {'todayUsedTraffic': '0B', 'lastUsedTraffic': '7.6MB', 'unUsedTraffic': '23.17GB'}, 'ret': 1}
[2023-11-25 03:19:36,507] [INFO] l**********@g****.com {'msg': '获得了 407MB 流量.', 'unflowtraffic': 25316818944, 'traffic': '23.58GB', 'trafficInfo': {'todayUsedTraffic': '0B', 'lastUsedTraffic': '7.6MB', 'unUsedTraffic': '23.57GB'}, 'ret': 1}
[2023-11-26 03:19:16,014] [INFO] l**********@g****.com {'msg': '获得了 373MB 流量.', 'unflowtraffic': 25707937792, 'traffic': '23.94GB', 'trafficInfo': {'todayUsedTraffic': '0B', 'lastUsedTraffic': '7.6MB', 'unUsedTraffic': '23.93GB'}, 'ret': 1}
[2023-11-27 03:19:57,272] [INFO] l**********@g****.com {'msg': '获得了 500MB 流量.', 'unflowtraffic': 26232225792, 'traffic': '24.43GB', 'trafficInfo': {'todayUsedTraffic': '0B', 'lastUsedTraffic': '7.6MB', 'unUsedTraffic': '24.42GB'}, 'ret': 1}
[2023-11-28 03:19:54,066] [INFO] l**********@g****.com {'msg': '获得了 438MB 流量.', 'unflowtraffic': 26691502080, 'traffic': '24.86GB', 'trafficInfo': {'todayUsedTraffic': '0B', 'lastUsedTraffic': '7.6MB', 'unUsedTraffic': '24.85GB'}, 'ret': 1}
[2023-11-29 03:19:43,299] [INFO] l**********@g****.com {'msg': '获得了 327MB 流量.', 'unflowtraffic': 27034386432, 'traffic': '25.18GB', 'trafficInfo': {'todayUsedTraffic': '0B', 'lastUsedTraffic': '7.6MB', 'unUsedTraffic': '25.17GB'}, 'ret': 1}
[2023-11-30 03:19:30,558] [INFO] l**********@g****.com {'msg': '获得了 423MB 流量.', 'unflowtraffic': 27477934080, 'traffic': '25.59GB', 'trafficInfo': {'todayUsedTraffic': '0B', 'lastUsedTraffic': '7.6MB', 'unUsedTraffic': '25.58GB'}, 'ret': 1}
[2023-12-01 03:20:28,514] [INFO] l**********@g****.com {'msg': '获得了 394MB 流量.', 'unflowtraffic': 27891073024, 'traffic': '25.98GB', 'trafficInfo': {'todayUsedTraffic': '0B', 'lastUsedTraffic': '7.6MB', 'unUsedTraffic': '25.97GB'}, 'ret': 1}
[2023-12-02 03:19:10,864] [INFO] l**********@g****.com {'msg': '获得了 400MB 流量.', 'unflowtraffic': 28310503424, 'traffic': '26.37GB', 'trafficInfo': {'todayUsedTraffic': '0B', 'lastUsedTraffic': '7.6MB', 'unUsedTraffic': '26.36GB'}, 'ret': 1}
[2023-12-03 03:19:11,039] [INFO] l**********@g****.com {'msg': '获得了 431MB 流量.', 'unflowtraffic': 28762439680, 'traffic': '26.79GB', 'trafficInfo': {'todayUsedTraffic': '0B', 'lastUsedTraffic': '7.6MB', 'unUsedTraffic': '26.78GB'}, 'ret': 1}
[2023-12-04 03:19:57,301] [INFO] l**********@g****.com {'msg': '获得了 434MB 流量.', 'unflowtraffic': 29217521664, 'traffic': '27.21GB', 'trafficInfo': {'todayUsedTraffic': '0B', 'lastUsedTraffic': '7.6MB', 'unUsedTraffic': '27.2GB'}, 'ret': 1}
[2023-12-05 03:20:29,904] [INFO] l**********@g****.com {'msg': '获得了 374MB 流量.', 'unflowtraffic': 29609689088, 'traffic': '27.58GB', 'trafficInfo': {'todayUsedTraffic': '0B', 'lastUsedTraffic': '7.6MB', 'unUsedTraffic': '27.57GB'}, 'ret': 1}
[2023-12-06 03:20:17,857] [INFO] l**********@g****.com {'msg': '获得了 381MB 流量.', 'unflowtraffic': 30009196544, 'traffic': '27.95GB', 'trafficInfo': {'todayUsedTraffic': '0B', 'lastUsedTraffic': '7.6MB', 'unUsedTraffic': '27.94GB'}, 'ret': 1}
[2023-12-07 03:19:56,194] [INFO] l**********@g****.com {'msg': '获得了 431MB 流量.', 'unflowtraffic': 30461132800, 'traffic': '28.37GB', 'trafficInfo': {'todayUsedTraffic': '0B', 'lastUsedTraffic': '7.6MB', 'unUsedTraffic': '28.36GB'}, 'ret': 1}
[2023-12-08 03:19:51,251] [INFO] l**********@g****.com {'msg': '获得了 456MB 流量.', 'unflowtraffic': 30939283456, 'traffic': '28.81GB', 'trafficInfo': {'todayUsedTraffic': '0B', 'lastUsedTraffic': '7.6MB', 'unUsedTraffic': '28.81GB'}, 'ret': 1}
[2023-12-09 03:19:19,015] [INFO] l**********@g****.com {'msg': '获得了 326MB 流量.', 'unflowtraffic': 31281119232, 'traffic': '29.13GB', 'trafficInfo': {'todayUsedTraffic': '0B', 'lastUsedTraffic': '7.6MB', 'unUsedTraffic': '29.13GB'}, 'ret': 1}
[2023-12-10 03:19:47,695] [INFO] l**********@g****.com {'msg': '获得了 350MB 流量.', 'unflowtraffic': 31648120832, 'traffic': '29.47GB', 'trafficInfo': {'todayUsedTraffic': '0B', 'lastUsedTraffic': '7.6MB', 'unUsedTraffic': '29.47GB'}, 'ret': 1}
[2023-12-11 03:20:40,568] [INFO] l**********@g****.com {'msg': '获得了 494MB 流量.', 'unflowtraffic': 32166117376, 'traffic': '29.96GB', 'trafficInfo': {'todayUsedTraffic': '0B', 'lastUsedTraffic': '7.6MB', 'unUsedTraffic': '29.95GB'}, 'ret': 1}
[2023-12-12 03:20:17,175] [INFO] l**********@g****.com {'msg': '获得了 439MB 流量.', 'unflowtraffic': 32626442240, 'traffic': '30.39GB', 'trafficInfo': {'todayUsedTraffic': '0B', 'lastUsedTraffic': '7.6MB', 'unUsedTraffic': '30.38GB'}, 'ret': 1}
[2023-12-13 03:20:28,268] [INFO] l**********@g****.com {'msg': '获得了 357MB 流量.', 'unflowtraffic': 33000783872, 'traffic': '30.73GB', 'trafficInfo': {'todayUsedTraffic': '0B', 'lastUsedTraffic': '7.6MB', 'unUsedTraffic': '30.73GB'}, 'ret': 1}
[2023-12-14 03:20:00,666] [INFO] l**********@g****.com {'msg': '获得了 495MB 流量.', 'unflowtraffic': 33519828992, 'traffic': '31.22GB', 'trafficInfo': {'todayUsedTraffic': '0B', 'lastUsedTraffic': '7.6MB', 'unUsedTraffic': '31.21GB'}, 'ret': 1}
[2023-12-15 03:20:25,515] [INFO] l**********@g****.com {'msg': '获得了 363MB 流量.', 'unflowtraffic': 33900462080, 'traffic': '31.57GB', 'trafficInfo': {'todayUsedTraffic': '0B', 'lastUsedTraffic': '7.6MB', 'unUsedTraffic': '31.56GB'}, 'ret': 1}
[2023-12-16 03:19:41,733] [INFO] l**********@g****.com {'msg': '获得了 361MB 流量.', 'unflowtraffic': 34278998016, 'traffic': '31.92GB', 'trafficInfo': {'todayUsedTraffic': '0B', 'lastUsedTraffic': '7.6MB', 'unUsedTraffic': '31.92GB'}, 'ret': 1}
[2023-12-17 03:19:36,927] [INFO] l**********@g****.com {'msg': '获得了 354MB 流量.', 'unflowtraffic': 34650193920, 'traffic': '32.27GB', 'trafficInfo': {'todayUsedTraffic': '0B', 'lastUsedTraffic': '7.6MB', 'unUsedTraffic': '32.26GB'}, 'ret': 1}
[2023-12-18 03:20:29,610] [INFO] l**********@g****.com {'msg': '获得了 450MB 流量.', 'unflowtraffic': 35122053120, 'traffic': '32.71GB', 'trafficInfo': {'todayUsedTraffic': '0B', 'lastUsedTraffic': '7.6MB', 'unUsedTraffic': '32.7GB'}, 'ret': 1}
[2023-12-19 03:20:46,419] [INFO] l**********@g****.com {'msg': '获得了 448MB 流量.', 'unflowtraffic': 35591815168, 'traffic': '33.15GB', 'trafficInfo': {'todayUsedTraffic': '0B', 'lastUsedTraffic': '7.6MB', 'unUsedTraffic': '33.14GB'}, 'ret': 1}
[2023-12-20 03:16:17,617] [INFO] l**********@g****.com {'msg': '获得了 461MB 流量.', 'unflowtraffic': 36075208704, 'traffic': '33.6GB', 'trafficInfo': {'todayUsedTraffic': '0B', 'lastUsedTraffic': '7.6MB', 'unUsedTraffic': '33.59GB'}, 'ret': 1}
[2023-12-21 03:19:37,762] [INFO] l**********@g****.com {'msg': '获得了 303MB 流量.', 'unflowtraffic': 36392927232, 'traffic': '33.89GB', 'trafficInfo': {'todayUsedTraffic': '0B', 'lastUsedTraffic': '7.6MB', 'unUsedTraffic': '33.89GB'}, 'ret': 1}
[2023-12-22 03:19:43,718] [INFO] l**********@g****.com {'msg': '获得了 486MB 流量.', 'unflowtraffic': 36902535168, 'traffic': '34.37GB', 'trafficInfo': {'todayUsedTraffic': '0B', 'lastUsedTraffic': '7.6MB', 'unUsedTraffic': '34.36GB'}, 'ret': 1}
[2023-12-23 03:19:24,161] [INFO] l**********@g****.com {'msg': '获得了 332MB 流量.', 'unflowtraffic': 37250662400, 'traffic': '34.69GB', 'trafficInfo': {'todayUsedTraffic': '0B', 'lastUsedTraffic': '7.6MB', 'unUsedTraffic': '34.68GB'}, 'ret': 1}
[2023-12-24 03:19:29,325] [INFO] l**********@g****.com {'msg': '获得了 496MB 流量.', 'unflowtraffic': 37770756096, 'traffic': '35.18GB', 'trafficInfo': {'todayUsedTraffic': '0B', 'lastUsedTraffic': '7.6MB', 'unUsedTraffic': '35.17GB'}, 'ret': 1}
[2023-12-25 03:20:09,391] [INFO] l**********@g****.com {'msg': '获得了 454MB 流量.', 'unflowtraffic': 38246809600, 'traffic': '35.62GB', 'trafficInfo': {'todayUsedTraffic': '0B', 'lastUsedTraffic': '7.6MB', 'unUsedTraffic': '35.61GB'}, 'ret': 1}
[2023-12-26 03:19:34,528] [INFO] l**********@g****.com {'ret': 0, 'msg': '系统无法接受您的验证结果，请完成非机器人验证。'}
[2023-12-27 03:20:24,280] [INFO] l**********@g****.com {'ret': 0, 'msg': '系统无法接受您的验证结果，请完成非机器人验证。'}
[2023-12-28 03:19:42,797] [INFO] l**********@g****.com {'ret': 0, 'msg': '系统无法接受您的验证结果，请完成非机器人验证。'}
[2023-12-29 03:20:07,490] [INFO] l**********@g****.com {'ret': 0, 'msg': '系统无法接受您的验证结果，请完成非机器人验证。'}
[2023-12-30 03:19:25,187] [INFO] l**********@g****.com {'ret': 0, 'msg': '系统无法接受您的验证结果，请完成非机器人验证。'}
[2023-12-31 03:19:43,510] [INFO] l**********@g****.com {'ret': 0, 'msg': '系统无法接受您的验证结果，请完成非机器人验证。'}
[2024-01-01 03:21:03,136] [INFO] l**********@g****.com {'ret': 0, 'msg': '系统无法接受您的验证结果，请完成非机器人验证。'}
[2024-01-02 03:20:01,993] [INFO] l**********@g****.com {'ret': 0, 'msg': '系统无法接受您的验证结果，请完成非机器人验证。'}
[2024-01-03 03:20:58,531] [INFO] l**********@g****.com {'ret': 0, 'msg': '系统无法接受您的验证结果，请完成非机器人验证。'}
[2024-01-04 03:20:05,567] [INFO] l**********@g****.com {'ret': 0, 'msg': '系统无法接受您的验证结果，请完成非机器人验证。'}
[2024-01-05 03:19:52,642] [INFO] l**********@g****.com {'ret': 0, 'msg': '系统无法接受您的验证结果，请完成非机器人验证。'}
[2024-01-06 03:19:41,277] [INFO] l**********@g****.com {'ret': 0, 'msg': '系统无法接受您的验证结果，请完成非机器人验证。'}
[2024-01-07 03:20:01,086] [INFO] l**********@g****.com {'ret': 0, 'msg': '系统无法接受您的验证结果，请完成非机器人验证。'}
[2024-01-08 03:20:31,060] [INFO] l**********@g****.com {'ret': 0, 'msg': '系统无法接受您的验证结果，请完成非机器人验证。'}
[2024-01-09 03:20:40,518] [INFO] l**********@g****.com {'ret': 0, 'msg': '系统无法接受您的验证结果，请完成非机器人验证。'}
[2024-01-10 03:20:45,733] [INFO] l**********@g****.com {'ret': 0, 'msg': '系统无法接受您的验证结果，请完成非机器人验证。'}
[2024-01-11 03:20:32,744] [INFO] l**********@g****.com {'ret': 0, 'msg': '系统无法接受您的验证结果，请完成非机器人验证。'}
[2024-01-12 03:20:31,058] [INFO] l**********@g****.com {'ret': 0, 'msg': '系统无法接受您的验证结果，请完成非机器人验证。'}
[2024-01-13 03:19:55,474] [INFO] l**********@g****.com {'ret': 0, 'msg': '系统无法接受您的验证结果，请完成非机器人验证。'}
[2024-01-14 03:20:34,228] [INFO] l**********@g****.com {'ret': 0, 'msg': '系统无法接受您的验证结果，请完成非机器人验证。'}
[2024-01-15 03:21:05,586] [INFO] l**********@g****.com {'ret': 0, 'msg': '系统无法接受您的验证结果，请完成非机器人验证。'}
[2024-01-16 03:21:59,434] [INFO] l**********@g****.com {'ret': 0, 'msg': '系统无法接受您的验证结果，请完成非机器人验证。'}
[2024-01-17 03:21:29,637] [INFO] l**********@g****.com {'ret': 0, 'msg': '系统无法接受您的验证结果，请完成非机器人验证。'}
[2024-01-18 03:21:06,217] [INFO] l**********@g****.com {'ret': 0, 'msg': '系统无法接受您的验证结果，请完成非机器人验证。'}
[2024-01-19 03:20:46,513] [INFO] l**********@g****.com {'ret': 0, 'msg': '系统无法接受您的验证结果，请完成非机器人验证。'}
[2024-01-20 03:20:11,412] [INFO] l**********@g****.com {'ret': 0, 'msg': '系统无法接受您的验证结果，请完成非机器人验证。'}
[2024-01-21 03:20:21,679] [INFO] l**********@g****.com {'ret': 0, 'msg': '系统无法接受您的验证结果，请完成非机器人验证。'}
[2024-01-22 03:21:15,937] [INFO] l**********@g****.com {'ret': 0, 'msg': '系统无法接受您的验证结果，请完成非机器人验证。'}
[2024-01-23 03:20:41,424] [INFO] l**********@g****.com {'ret': 0, 'msg': '系统无法接受您的验证结果，请完成非机器人验证。'}
[2024-01-24 03:20:46,867] [INFO] l**********@g****.com {'ret': 0, 'msg': '系统无法接受您的验证结果，请完成非机器人验证。'}
[2024-01-25 03:20:31,793] [INFO] l**********@g****.com {'ret': 0, 'msg': '系统无法接受您的验证结果，请完成非机器人验证。'}
[2024-01-26 03:20:05,594] [INFO] l**********@g****.com {'ret': 0, 'msg': '系统无法接受您的验证结果，请完成非机器人验证。'}
[2024-01-27 03:17:50,771] [INFO] l**********@g****.com {'ret': 0, 'msg': '系统无法接受您的验证结果，请完成非机器人验证。'}
[2024-01-28 03:18:04,947] [INFO] l**********@g****.com {'ret': 0, 'msg': '系统无法接受您的验证结果，请完成非机器人验证。'}
[2024-01-29 03:19:22,332] [INFO] l**********@g****.com {'ret': 0, 'msg': '系统无法接受您的验证结果，请完成非机器人验证。'}
[2024-01-30 03:18:31,616] [INFO] l**********@g****.com {'ret': 0, 'msg': '系统无法接受您的验证结果，请完成非机器人验证。'}
[2024-01-31 03:18:57,465] [INFO] l**********@g****.com {'ret': 0, 'msg': '系统无法接受您的验证结果，请完成非机器人验证。'}
[2024-02-01 03:19:43,075] [INFO] l**********@g****.com {'ret': 0, 'msg': '系统无法接受您的验证结果，请完成非机器人验证。'}
[2024-02-02 03:19:23,748] [INFO] l**********@g****.com {'ret': 0, 'msg': '系统无法接受您的验证结果，请完成非机器人验证。'}
[2024-02-03 03:21:21,555] [INFO] l**********@g****.com {'ret': 0, 'msg': '系统无法接受您的验证结果，请完成非机器人验证。'}
[2024-02-04 03:19:40,056] [INFO] l**********@g****.com {'ret': 0, 'msg': '系统无法接受您的验证结果，请完成非机器人验证。'}
[2024-02-05 03:20:04,515] [INFO] l**********@g****.com {'ret': 0, 'msg': '系统无法接受您的验证结果，请完成非机器人验证。'}
[2024-02-06 03:19:30,827] [INFO] l**********@g****.com {'ret': 0, 'msg': '系统无法接受您的验证结果，请完成非机器人验证。'}
[2024-02-07 03:19:50,963] [INFO] l**********@g****.com {'ret': 0, 'msg': '系统无法接受您的验证结果，请完成非机器人验证。'}
[2024-02-08 03:19:33,211] [INFO] l**********@g****.com {'ret': 0, 'msg': '系统无法接受您的验证结果，请完成非机器人验证。'}
[2024-02-09 03:19:21,068] [INFO] l**********@g****.com {'ret': 0, 'msg': '系统无法接受您的验证结果，请完成非机器人验证。'}
[2024-02-10 03:18:58,582] [INFO] l**********@g****.com {'ret': 0, 'msg': '系统无法接受您的验证结果，请完成非机器人验证。'}
[2024-02-11 03:18:55,303] [INFO] l**********@g****.com {'ret': 0, 'msg': '系统无法接受您的验证结果，请完成非机器人验证。'}
[2024-02-12 03:18:49,549] [INFO] l**********@g****.com {'ret': 0, 'msg': '系统无法接受您的验证结果，请完成非机器人验证。'}
[2024-02-13 03:20:13,679] [INFO] l**********@g****.com {'ret': 0, 'msg': '系统无法接受您的验证结果，请完成非机器人验证。'}
[2024-02-14 03:20:11,269] [INFO] l**********@g****.com {'ret': 0, 'msg': '系统无法接受您的验证结果，请完成非机器人验证。'}
[2024-02-15 03:21:09,084] [INFO] l**********@g****.com {'ret': 0, 'msg': '系统无法接受您的验证结果，请完成非机器人验证。'}
[2024-02-16 03:20:16,919] [INFO] l**********@g****.com {'ret': 0, 'msg': '系统无法接受您的验证结果，请完成非机器人验证。'}
[2024-02-17 03:19:11,953] [INFO] l**********@g****.com {'ret': 0, 'msg': '系统无法接受您的验证结果，请完成非机器人验证。'}
[2024-02-18 03:18:49,653] [INFO] l**********@g****.com {'ret': 0, 'msg': '系统无法接受您的验证结果，请完成非机器人验证。'}
[2024-02-19 03:19:37,739] [INFO] l**********@g****.com {'ret': 0, 'msg': '系统无法接受您的验证结果，请完成非机器人验证。'}
[2024-02-20 03:20:07,103] [INFO] l**********@g****.com {'ret': 0, 'msg': '系统无法接受您的验证结果，请完成非机器人验证。'}
[2024-02-21 03:19:05,131] [INFO] l**********@g****.com {'ret': 0, 'msg': '系统无法接受您的验证结果，请完成非机器人验证。'}
[2024-02-22 03:20:20,514] [INFO] l**********@g****.com {'ret': 0, 'msg': '系统无法接受您的验证结果，请完成非机器人验证。'}
[2024-02-23 03:19:03,677] [INFO] l**********@g****.com {'ret': 0, 'msg': '系统无法接受您的验证结果，请完成非机器人验证。'}
[2024-02-24 03:21:04,405] [INFO] l**********@g****.com {'ret': 0, 'msg': '系统无法接受您的验证结果，请完成非机器人验证。'}
[2024-02-25 03:20:19,428] [INFO] l**********@g****.com {'ret': 0, 'msg': '系统无法接受您的验证结果，请完成非机器人验证。'}
[2024-02-26 03:20:25,185] [INFO] l**********@g****.com {'ret': 0, 'msg': '系统无法接受您的验证结果，请完成非机器人验证。如果看不到非机器人验证按钮，请先翻墙再刷新页面。'}
[2024-02-27 03:19:34,335] [INFO] l**********@g****.com {'ret': 0, 'msg': '系统无法接受您的验证结果，请完成非机器人验证。如果看不到非机器人验证按钮，请先翻墙再刷新页面。'}
